[35m[Appium][39m Welcome to Appium v1.22.3
[35m[Appium][39m Non-default server args:
[35m[Appium][39m   port: 61709
[35m[Appium][39m   loglevel: info
[35m[Appium][39m   tmpDir: C:\Users\WIDIPA~1\AppData\Local\Temp\\Katalon\Appium\Temp1669733334440
[35m[Appium][39m   chromedriverPort: 61710
[35m[Appium][39m Deprecated server args:
[35m[Appium][39m   [31m--chromedriver-port[39m => --default-capabilities
[35m[Appium][39m Default capabilities, which will be added to each request unless overridden by desired capabilities:
[35m[Appium][39m   chromedriverPort: 61710
[35m[Appium][39m Appium REST http interface listener started on 0.0.0.0:61709
[35m[HTTP][39m [37m-->[39m [37mGET[39m [37m/wd/hub/status[39m
[35m[HTTP][39m [90m{}[39m
[35m[HTTP][39m [37m<-- GET /wd/hub/status [39m[32m200[39m [90m4 ms - 68[39m
[35m[HTTP][39m [90m[39m
[35m[HTTP][39m [37m-->[39m [37mGET[39m [37m/wd/hub/status[39m
[35m[HTTP][39m [90m{}[39m
[35m[HTTP][39m [37m<-- GET /wd/hub/status [39m[32m200[39m [90m1 ms - 68[39m
[35m[HTTP][39m [90m[39m
[35m[HTTP][39m [37m-->[39m [37mPOST[39m [37m/wd/hub/session[39m
[35m[HTTP][39m [90m{"desiredCapabilities":{"app":"C:\\Users\\widi pamungkas\\OneDrive\\Desktop\\web-jual\\binar-platinum-challenge-team2\\apk\\second-hand.apk","noReset":true,"appWaitActivity":"*","deviceId":"835cf870","deviceName":"Xiaomi M2007J20CG (Android 12)","fullReset":false,"platform":"ANDROID","appWaitForLaunch":true,"newCommandTimeout":1800,"platformVersion":"12","automationName":"uiautomator2","autoGrantPermissions":true,"platformName":"Android","udid":"835cf870","systemPort":61714},"capabilities":{"firstMatch":[{"appium:app":"C:\\Users\\widi pamungkas\\OneDrive\\Desktop\\web-jual\\binar-platinum-challenge-team2\\apk\\second-hand.apk","appium:appWaitActivity":"*","appWaitForLaunch":true,"appium:autoGrantPermissions":true,"appium:automationName":"uiautomator2","deviceId":"835cf870","appium:deviceName":"Xiaomi M2007J20CG (Android 12)","appium:fullReset":false,"appium:newCommandTimeout":1800,"appium:noReset":true,"platform":"ANDROID","platformName":"android","appium:platformVersion":"12","appium:systemPort":61714,"ap...[39m
[35m[BaseDriver][39m The following capabilities are not standard capabilities and should have an extension prefix:
[35m[BaseDriver][39m   appWaitForLaunch
[35m[BaseDriver][39m   deviceId
[35m[BaseDriver][39m   platform
[35m[BaseDriver][39m   chromedriverPort
[35m[Appium][39m Appium v1.22.3 creating new AndroidUiautomator2Driver (v1.70.1) session
[35m[BaseDriver][39m The following capabilities were provided, but are not recognized by Appium:
[35m[BaseDriver][39m   deviceId
[35m[BaseDriver][39m   platform
[35m[BaseDriver][39m Session created with session id: 4257397a-ba8b-49ec-8d02-53f534d515ed
[35m[BaseDriver][39m Using local app 'C:\Users\widi pamungkas\OneDrive\Desktop\web-jual\binar-platinum-challenge-team2\apk\second-hand.apk'
[35m[ADB][39m Found 1 'build-tools' folders under 'C:\Users\widi pamungkas\.katalon\tools\android_sdk' (newest first):
[35m[ADB][39m     C:/Users/widi pamungkas/.katalon/tools/android_sdk/build-tools/29.0.3
[35m[ADB][39m Using 'adb.exe' from 'C:\Users\widi pamungkas\.katalon\tools\android_sdk\platform-tools\adb.exe'
[35m[AndroidDriver][39m Retrieving device list
[35m[AndroidDriver][39m Using device: 835cf870
[35m[ADB][39m Using 'adb.exe' from 'C:\Users\widi pamungkas\.katalon\tools\android_sdk\platform-tools\adb.exe'
[35m[ADB][39m Getting device platform version
[35m[UiAutomator2][39m Relaxing hidden api policy
[35m[ADB][39m Package name: 'id.binar.fp.secondhand'
[35m[ADB][39m Main activity name: 'id.binar.fp.secondhand.ui.main.MainActivity'
[35m[ADB][39m Using 'apksigner.jar' from 'C:\Users\widi pamungkas\.katalon\tools\android_sdk\build-tools\29.0.3\lib\apksigner.jar'
[35m[ADB][39m 'C:\Users\widi pamungkas\AppData\Roaming\npm\node_modules\appium\node_modules\appium-uiautomator2-server\apks\appium-uiautomator2-server-v4.27.0.apk' is signed with the default certificate
[35m[ADB][39m 'C:\Users\widi pamungkas\AppData\Roaming\npm\node_modules\appium\node_modules\appium-uiautomator2-server\apks\appium-uiautomator2-server-debug-androidTest.apk' is signed with the default certificate
[35m[UiAutomator2][39m Server packages are not going to be (re)installed
[35m[ADB][39m Adding packages ["io.appium.settings","io.appium.uiautomator2.server","io.appium.uiautomator2.server.test"] to Doze whitelist
[35m[ADB][39m 'C:\Users\widi pamungkas\OneDrive\Desktop\web-jual\binar-platinum-challenge-team2\apk\second-hand.apk' is signed with a non-default certificate
[35m[ADB][39m The application at 'C:\Users\widi pamungkas\OneDrive\Desktop\web-jual\binar-platinum-challenge-team2\apk\second-hand.apk' will not be cached, because the device under test has confirmed the support of streamed installs
[35m[ADB][39m The installation of 'second-hand.apk' took 7785ms
[35m[UiAutomator2][39m Starting UIAutomator2 server 4.27.0
[35m[UiAutomator2][39m Using UIAutomator2 server from 'C:\Users\widi pamungkas\AppData\Roaming\npm\node_modules\appium\node_modules\appium-uiautomator2-server\apks\appium-uiautomator2-server-v4.27.0.apk' and test from 'C:\Users\widi pamungkas\AppData\Roaming\npm\node_modules\appium\node_modules\appium-uiautomator2-server\apks\appium-uiautomator2-server-debug-androidTest.apk'
[35m[UiAutomator2][39m Waiting up to 30000ms for UiAutomator2 to be online...
[35m[WD Proxy][39m socket hang up
[35m[WD Proxy][39m socket hang up
[35m[WD Proxy][39m socket hang up
[35m[WD Proxy][39m socket hang up
[35m[WD Proxy][39m socket hang up
[35m[WD Proxy][39m Determined the downstream protocol as 'W3C'
[35m[AndroidDriver][39m Screen already unlocked, doing nothing
[35m[UiAutomator2][39m Starting 'id.binar.fp.secondhand/id.binar.fp.secondhand.ui.main.MainActivity and waiting for 'id.binar.fp.secondhand/*'
[35m[Appium][39m New AndroidUiautomator2Driver session created successfully, session 4257397a-ba8b-49ec-8d02-53f534d515ed added to master session list
[35m[HTTP][39m [37m<-- POST /wd/hub/session [39m[32m200[39m [90m18491 ms - 1498[39m
[35m[HTTP][39m [90m[39m
[35m[HTTP][39m [37m-->[39m [37mGET[39m [37m/wd/hub/session/4257397a-ba8b-49ec-8d02-53f534d515ed[39m
[35m[HTTP][39m [90m{}[39m
[35m[HTTP][39m [37m<-- GET /wd/hub/session/4257397a-ba8b-49ec-8d02-53f534d515ed [39m[32m200[39m [90m10 ms - 1452[39m
[35m[HTTP][39m [90m[39m
[35m[HTTP][39m [37m-->[39m [37mGET[39m [37m/wd/hub/session/4257397a-ba8b-49ec-8d02-53f534d515ed[39m
[35m[HTTP][39m [90m{}[39m
[35m[HTTP][39m [37m<-- GET /wd/hub/session/4257397a-ba8b-49ec-8d02-53f534d515ed [39m[32m200[39m [90m8 ms - 1452[39m
[35m[HTTP][39m [90m[39m
[35m[HTTP][39m [37m-->[39m [37mGET[39m [37m/wd/hub/status[39m
[35m[HTTP][39m [90m{}[39m
[35m[HTTP][39m [37m<-- GET /wd/hub/status [39m[32m200[39m [90m1 ms - 68[39m
[35m[HTTP][39m [90m[39m
[35m[HTTP][39m [37m-->[39m [37mPOST[39m [37m/wd/hub/session/4257397a-ba8b-49ec-8d02-53f534d515ed/timeouts[39m
[35m[HTTP][39m [90m{"implicit":60000}[39m
[35m[HTTP][39m [37m<-- POST /wd/hub/session/4257397a-ba8b-49ec-8d02-53f534d515ed/timeouts [39m[32m200[39m [90m2 ms - 14[39m
[35m[HTTP][39m [90m[39m
[35m[HTTP][39m [37m-->[39m [37mGET[39m [37m/wd/hub/session/4257397a-ba8b-49ec-8d02-53f534d515ed/source[39m
[35m[HTTP][39m [90m{}[39m
[35m[W3C (4257397a)][39m Driver proxy active, passing request on via HTTP proxy
[35m[WD Proxy][39m Replacing sessionId 5b20abbd-b2b0-42d5-bace-4699086a5e71 with 4257397a-ba8b-49ec-8d02-53f534d515ed
[35m[HTTP][39m [37m<-- GET /wd/hub/session/4257397a-ba8b-49ec-8d02-53f534d515ed/source [39m[32m200[39m [90m605 ms - 40433[39m
[35m[HTTP][39m [90m[39m
[35m[HTTP][39m [37m-->[39m [37mGET[39m [37m/wd/hub/session/4257397a-ba8b-49ec-8d02-53f534d515ed/screenshot[39m
[35m[HTTP][39m [90m{}[39m
[35m[HTTP][39m [37m<-- GET /wd/hub/session/4257397a-ba8b-49ec-8d02-53f534d515ed/screenshot [39m[32m200[39m [90m435 ms - 106602[39m
[35m[HTTP][39m [90m[39m
[35m[HTTP][39m [37m-->[39m [37mGET[39m [37m/wd/hub/session/4257397a-ba8b-49ec-8d02-53f534d515ed/source[39m
[35m[HTTP][39m [90m{}[39m
[35m[W3C (4257397a)][39m Driver proxy active, passing request on via HTTP proxy
[35m[WD Proxy][39m Replacing sessionId 5b20abbd-b2b0-42d5-bace-4699086a5e71 with 4257397a-ba8b-49ec-8d02-53f534d515ed
[35m[HTTP][39m [37m<-- GET /wd/hub/session/4257397a-ba8b-49ec-8d02-53f534d515ed/source [39m[32m200[39m [90m493 ms - 72922[39m
[35m[HTTP][39m [90m[39m
[35m[HTTP][39m [37m-->[39m [37mGET[39m [37m/wd/hub/session/4257397a-ba8b-49ec-8d02-53f534d515ed/screenshot[39m
[35m[HTTP][39m [90m{}[39m
[35m[HTTP][39m [37m<-- GET /wd/hub/session/4257397a-ba8b-49ec-8d02-53f534d515ed/screenshot [39m[32m200[39m [90m377 ms - 109414[39m
[35m[HTTP][39m [90m[39m
[35m[HTTP][39m [37m-->[39m [37mDELETE[39m [37m/wd/hub/session/4257397a-ba8b-49ec-8d02-53f534d515ed[39m
[35m[HTTP][39m [90m{}[39m
[35m[Appium][39m Removing session 4257397a-ba8b-49ec-8d02-53f534d515ed from our master session list
[35m[UiAutomator2][39m Restoring hidden api policy to the device default configuration
[35m[HTTP][39m [37m<-- DELETE /wd/hub/session/4257397a-ba8b-49ec-8d02-53f534d515ed [39m[32m200[39m [90m369 ms - 14[39m
[35m[HTTP][39m [90m[39m
